#
# There is insufficient memory for the Java Runtime Environment to continue.
# Native memory allocation (mmap) failed to map 268435456 bytes for G1 virtual space
# Possible reasons:
#   The system is out of physical RAM or swap space
#   The process is running with CompressedOops enabled, and the Java Heap may be blocking the growth of the native heap
# Possible solutions:
#   Reduce memory load on the system
#   Increase physical memory or swap space
#   Check if swap backing store is full
#   Decrease Java heap size (-Xmx/-Xms)
#   Decrease number of Java threads
#   Decrease Java thread stack sizes (-Xss)
#   Set larger code cache with -XX:ReservedCodeCacheSize=
#   JVM is running with Zero Based Compressed Oops mode in which the Java heap is
#     placed in the first 32GB address space. The Java Heap base address is the
#     maximum limit for the native heap growth. Please use -XX:HeapBaseMinAddress
#     to set the Java Heap base and to place the Java Heap above 32GB virtual address.
# This output file may be truncated or incomplete.
#
#  Out of Memory Error (./open/src/hotspot/os/windows/os_windows.cpp:3321), pid=40260, tid=40268
#
# JRE version:  (15.0.2+7) (build )
# Java VM: OpenJDK 64-Bit Server VM (15.0.2+7-27, mixed mode, sharing, tiered, compressed oops, g1 gc, windows-amd64)
# No core dump will be written. Minidumps are not enabled by default on client versions of Windows
#

---------------  S U M M A R Y ------------

Command Line: -Dfile.encoding=Cp1252 -XX:+ShowCodeDetailsInExceptionMessages MainGL

Host: AMD Ryzen 7 3700X 8-Core Processor             , 16 cores, 15G,  Windows 10 , 64 bit Build 19041 (10.0.19041.1348)
Time: Sun Jan  9 19:18:38 2022 Paris, Madrid elapsed time: 0.006661 seconds (0d 0h 0m 0s)

---------------  T H R E A D  ---------------

Current thread (0x000001e0b02f33d0):  JavaThread "Unknown thread" [_thread_in_vm, id=40268, stack(0x000000011a200000,0x000000011a300000)]

Stack: [0x000000011a200000,0x000000011a300000]
Native frames: (J=compiled Java code, j=interpreted, Vv=VM code, C=native code)
V  [jvm.dll+0x62ae9a]
V  [jvm.dll+0x7817a9]
V  [jvm.dll+0x782f03]
V  [jvm.dll+0x783563]
V  [jvm.dll+0x216325]
V  [jvm.dll+0x6281d9]
V  [jvm.dll+0x61cf55]
V  [jvm.dll+0x2cffdd]
V  [jvm.dll+0x2cfe42]
V  [jvm.dll+0x2d5e1c]
V  [jvm.dll+0x32590a]
V  [jvm.dll+0x324fd4]
V  [jvm.dll+0x2a6f5a]
V  [jvm.dll+0x2a80f8]
V  [jvm.dll+0x75e241]
V  [jvm.dll+0x3341c4]
V  [jvm.dll+0x73e926]
V  [jvm.dll+0x3b7557]
V  [jvm.dll+0x3b8fe1]
C  [jli.dll+0x52fb]
C  [ucrtbase.dll+0x21bb2]
C  [KERNEL32.DLL+0x17034]
C  [ntdll.dll+0x52651]


---------------  P R O C E S S  ---------------

Threads class SMR info:
_java_thread_list=0x00007ffdc1c74ff0, length=0, elements={
}

Java Threads: ( => current thread )

Other Threads:
  0x000001e0b03427f0 GCTaskThread "GC Thread#0" [stack: 0x000000011a300000,0x000000011a400000] [id=40264]
  0x000001e0b0392010 ConcurrentGCThread "G1 Main Marker" [stack: 0x000000011a400000,0x000000011a500000] [id=40432]
  0x000001e0b0394e30 ConcurrentGCThread "G1 Conc#0" [stack: 0x000000011a500000,0x000000011a600000] [id=40072]

[error occurred during error reporting (printing all threads), id 0xc0000005, EXCEPTION_ACCESS_VIOLATION (0xc0000005) at pc=0x00007ffdc1467e27]

VM state: not at safepoint (not fully initialized)

VM Mutex/Monitor currently owned by a thread:  ([mutex/lock_event])
[0x000001e0b02ef980] Heap_lock - owner thread: 0x000001e0b02f33d0

Heap address: 0x0000000701200000, size: 4078 MB, Compressed Oops mode: Zero based, Oop shift amount: 3
CDS archive(s) mapped at: [0x0000000000000000-0x0000000000000000-0x0000000000000000), size 0, SharedBaseAddress: 0x0000000800000000, ArchiveRelocationMode: 0.
Narrow klass base: 0x0000000000000000, Narrow klass shift: 0, Narrow klass range: 0x0

Heap:
 garbage-first heap   total 262144K, used 0K [0x0000000701200000, 0x0000000800000000)
  region size 2048K, 0 young (0K), 0 survivors (0K)
 Metaspace       used 0K, capacity 0K, committed 0K, reserved 0K
  class space    used 0K, capacity 0K, committed 0K, reserved 0K

Heap Regions: E=young(eden), S=young(survivor), O=old, HS=humongous(starts), HC=humongous(continues), CS=collection set, F=free, OA=open archive, CA=closed archive, TAMS=top-at-mark-start (previous, next)

Card table byte_map: [0x000001e0c85b0000,0x000001e0c8db0000] _byte_map_base: 0x000001e0c4da7000

Marking Bits (Prev, Next): (CMBitMap*) 0x000001e0b03437f0, (CMBitMap*) 0x000001e0b0343830
 Prev Bits: [0x000001e0c95b0000, 0x000001e0cd568000)
 Next Bits: [0x000001e0cd570000, 0x000001e0d1528000)

GC Heap History (0 events):
No events

Deoptimization events (0 events):
No events

Classes unloaded (0 events):
No events

Classes redefined (0 events):
No events

Internal exceptions (0 events):
No events

Events (1 events):
Event: 0.004 Loaded shared library C:\Program Files\Java\jdk-15.0.2\bin\java.dll


Dynamic libraries:
0x00007ff77b170000 - 0x00007ff77b17d000 	C:\Program Files\Java\jdk-15.0.2\bin\javaw.exe
0x00007ffe15270000 - 0x00007ffe15465000 	C:\Windows\SYSTEM32\ntdll.dll
0x00007ffe14030000 - 0x00007ffe140ee000 	C:\Windows\System32\KERNEL32.DLL
0x00007ffe12a80000 - 0x00007ffe12d48000 	C:\Windows\System32\KERNELBASE.dll
0x00007ffe12ef0000 - 0x00007ffe12ff0000 	C:\Windows\System32\ucrtbase.dll
0x00007ffe0b200000 - 0x00007ffe0b219000 	C:\Program Files\Java\jdk-15.0.2\bin\VCRUNTIME140.dll
0x00007ffe0b220000 - 0x00007ffe0b238000 	C:\Program Files\Java\jdk-15.0.2\bin\jli.dll
0x00007ffe13d70000 - 0x00007ffe13f11000 	C:\Windows\System32\USER32.dll
0x00007ffe13080000 - 0x00007ffe130a2000 	C:\Windows\System32\win32u.dll
0x00007ffe14e30000 - 0x00007ffe14e5b000 	C:\Windows\System32\GDI32.dll
0x00007ffdffcc0000 - 0x00007ffdfff5a000 	C:\Windows\WinSxS\amd64_microsoft.windows.common-controls_6595b64144ccf1df_6.0.19041.1110_none_60b5254171f9507e\COMCTL32.dll
0x00007ffe12d80000 - 0x00007ffe12e8d000 	C:\Windows\System32\gdi32full.dll
0x00007ffe13490000 - 0x00007ffe1352e000 	C:\Windows\System32\msvcrt.dll
0x00007ffe13210000 - 0x00007ffe132ad000 	C:\Windows\System32\msvcp_win.dll
0x00007ffe15050000 - 0x00007ffe15080000 	C:\Windows\System32\IMM32.DLL
0x00007ffe0b1f0000 - 0x00007ffe0b1fc000 	C:\Program Files\Java\jdk-15.0.2\bin\vcruntime140_1.dll
0x00007ffdc64c0000 - 0x00007ffdc6551000 	C:\Program Files\Java\jdk-15.0.2\bin\msvcp140.dll
0x00007ffdc11b0000 - 0x00007ffdc1d0e000 	C:\Program Files\Java\jdk-15.0.2\bin\server\jvm.dll
0x00007ffe145d0000 - 0x00007ffe1467c000 	C:\Windows\System32\ADVAPI32.dll
0x00007ffe14280000 - 0x00007ffe1431b000 	C:\Windows\System32\sechost.dll
0x00007ffe14e60000 - 0x00007ffe14f8a000 	C:\Windows\System32\RPCRT4.dll
0x00007ffe14f90000 - 0x00007ffe14f98000 	C:\Windows\System32\PSAPI.DLL
0x00007ffe0d1b0000 - 0x00007ffe0d1ba000 	C:\Windows\SYSTEM32\VERSION.dll
0x00007ffe101e0000 - 0x00007ffe101e9000 	C:\Windows\SYSTEM32\WSOCK32.dll
0x00007ffe01cc0000 - 0x00007ffe01ce7000 	C:\Windows\SYSTEM32\WINMM.dll
0x00007ffe140f0000 - 0x00007ffe1415b000 	C:\Windows\System32\WS2_32.dll
0x00007ffe10850000 - 0x00007ffe10862000 	C:\Windows\SYSTEM32\kernel.appcore.dll
0x00007ffe0b1e0000 - 0x00007ffe0b1ea000 	C:\Program Files\Java\jdk-15.0.2\bin\jimage.dll
0x00007ffe04b60000 - 0x00007ffe04d44000 	C:\Windows\SYSTEM32\DBGHELP.DLL
0x00007ffdf96e0000 - 0x00007ffdf970c000 	C:\Windows\SYSTEM32\dbgcore.DLL
0x00007ffe12ff0000 - 0x00007ffe13072000 	C:\Windows\System32\bcryptPrimitives.dll
0x00007ffe09110000 - 0x00007ffe09135000 	C:\Program Files\Java\jdk-15.0.2\bin\java.dll

dbghelp: loaded successfully - version: 4.0.5 - missing functions: none
symbol engine: initialized successfully - sym options: 0x614 - pdb path: .;C:\Program Files\Java\jdk-15.0.2\bin;C:\Windows\SYSTEM32;C:\Windows\WinSxS\amd64_microsoft.windows.common-controls_6595b64144ccf1df_6.0.19041.1110_none_60b5254171f9507e;C:\Program Files\Java\jdk-15.0.2\bin\server

VM Arguments:
jvm_args: -Dfile.encoding=Cp1252 -XX:+ShowCodeDetailsInExceptionMessages 
java_command: MainGL
java_class_path (initial): D:\Workspace\Licence\Java\SpaceInvadersGL\bin;C:\Users\Utilisateur\Downloads\jogamp-all-platforms\jar\gluegen-rt.jar;C:\Users\Utilisateur\Downloads\jogamp-all-platforms\jar\jogl-all.jar
Launcher Type: SUN_STANDARD

[Global flags]
     intx CICompilerCount                          = 12                                        {product} {ergonomic}
     uint ConcGCThreads                            = 3                                         {product} {ergonomic}
     uint G1ConcRefinementThreads                  = 13                                        {product} {ergonomic}
   size_t G1HeapRegionSize                         = 2097152                                   {product} {ergonomic}
    uintx GCDrainStackTargetSize                   = 64                                        {product} {ergonomic}
   size_t InitialHeapSize                          = 268435456                                 {product} {ergonomic}
   size_t MarkStackSize                            = 4194304                                   {product} {ergonomic}
   size_t MaxHeapSize                              = 4276092928                                {product} {ergonomic}
   size_t MinHeapDeltaBytes                        = 2097152                                   {product} {ergonomic}
   size_t MinHeapSize                              = 8388608                                   {product} {ergonomic}
    uintx NonNMethodCodeHeapSize                   = 7602480                                {pd product} {ergonomic}
    uintx NonProfiledCodeHeapSize                  = 122027880                              {pd product} {ergonomic}
    uintx ProfiledCodeHeapSize                     = 122027880                              {pd product} {ergonomic}
    uintx ReservedCodeCacheSize                    = 251658240                              {pd product} {ergonomic}
     bool SegmentedCodeCache                       = true                                      {product} {ergonomic}
     bool ShowCodeDetailsInExceptionMessages       = true                                   {manageable} {command line}
   size_t SoftMaxHeapSize                          = 4276092928                             {manageable} {ergonomic}
     bool UseCompressedClassPointers               = true                                 {lp64_product} {ergonomic}
     bool UseCompressedOops                        = true                                 {lp64_product} {ergonomic}
     bool UseG1GC                                  = true                                      {product} {ergonomic}
     bool UseLargePagesIndividualAllocation        = false                                  {pd product} {ergonomic}

Logging:
Log output configuration:
 #0: stdout all=warning uptime,level,tags
 #1: stderr all=off uptime,level,tags

Environment Variables:
PATH=C:/Users/Utilisateur/.p2/pool/plugins/org.eclipse.justj.openjdk.hotspot.jre.full.win32.x86_64_16.0.2.v20210721-1149/jre/bin/server;C:/Users/Utilisateur/.p2/pool/plugins/org.eclipse.justj.openjdk.hotspot.jre.full.win32.x86_64_16.0.2.v20210721-1149/jre/bin;C:\Program Files (x86)\Common Files\Oracle\Java\javapath;C:\Windows\system32;C:\Windows;C:\Windows\System32\Wbem;C:\Windows\System32\WindowsPowerShell\v1.0\;C:\Windows\System32\OpenSSH\;C:\Program Files\NVIDIA Corporation\NVIDIA NvDLISR;D:\Program Files\Perforce\;D:\Program Files\Git\cmd;D:\Program Files\nodejs\;C:\Program Files\dotnet\;C:\Program Files\Microsoft SQL Server\130\Tools\Binn\;C:\Program Files\Microsoft SQL Server\Client SDK\ODBC\170\Tools\Binn\;C:\Program Files (x86)\NVIDIA Corporation\PhysX\Common;C:\Users\Utilisateur\AppData\Local\Microsoft\WindowsApps;;C:\Users\Utilisateur\AppData\Local\Programs\Microsoft VS Code\bin;C:\Users\Utilisateur\AppData\Roaming\npm;C:\Users\Utilisateur\.dotnet\tools;C:\Windows\System32;
USERNAME=Utilisateur
OS=Windows_NT
PROCESSOR_IDENTIFIER=AMD64 Family 23 Model 113 Stepping 0, AuthenticAMD



---------------  S Y S T E M  ---------------

OS:
 Windows 10 , 64 bit Build 19041 (10.0.19041.1348)
OS uptime: 21 days 6:47 hours
HyperV virtualization detected

CPU: total 16 (initial active 16) (16 cores per cpu, 2 threads per core) family 23 model 113 stepping 0 microcode 0x0, cmov, cx8, fxsr, mmx, sse, sse2, sse3, ssse3, sse4.1, sse4.2, popcnt, vzeroupper, avx, avx2, aes, clmul, 3dnowpref, lzcnt, sse4a, ht, tsc, tscinvbit, tscinv, bmi1, bmi2, adx, sha, fma, clflush, clflushopt

Memory: 4k page, system-wide physical 16305M (3288M free)
TotalPageFile size 65387M (AvailPageFile size 98M)
current process WorkingSet (physical memory assigned to process): 10M, peak: 10M
current process commit charge ("private bytes"): 71M, peak: 326M

vm_info: OpenJDK 64-Bit Server VM (15.0.2+7-27) for windows-amd64 JRE (15.0.2+7-27), built on Dec  7 2020 20:02:38 by "mach5one" with unknown MS VC++:1925

END.
